<?xml version="1.0" encoding="UTF-8"?>
<testng-results ignored="0" total="1" passed="1" failed="0" skipped="0">
  <reporter-output>
  </reporter-output>
  <suite started-at="2021-10-11T01:16:15 IST" name="Default suite" finished-at="2021-10-11T01:16:35 IST" duration-ms="20463">
    <groups>
    </groups>
    <test started-at="2021-10-11T01:16:15 IST" name="Default test" finished-at="2021-10-11T01:16:35 IST" duration-ms="20463">
      <class name="com.vtiger.pratice.TC_078_SendSMS_ToOrganizationTest">
        <test-method signature="TC_078_SendSMS_ToOrganization()[pri:0, instance:com.vtiger.pratice.TC_078_SendSMS_ToOrganizationTest@1a18644]" started-at="2021-10-11T01:16:15 IST" name="TC_078_SendSMS_ToOrganization" finished-at="2021-10-11T01:16:35 IST" duration-ms="20404" status="PASS">
          <reporter-output>
          </reporter-output>
        </test-method> <!-- TC_078_SendSMS_ToOrganization -->
      </class> <!-- com.vtiger.pratice.TC_078_SendSMS_ToOrganizationTest -->
    </test> <!-- Default test -->
  </suite> <!-- Default suite -->
</testng-results>
