<?xml version="1.0" encoding="UTF-8"?>
<testng-results ignored="0" total="1" passed="1" failed="0" skipped="0">
  <reporter-output>
  </reporter-output>
  <suite started-at="2021-10-11T01:44:28 IST" name="Default suite" finished-at="2021-10-11T01:44:48 IST" duration-ms="19880">
    <groups>
    </groups>
    <test started-at="2021-10-11T01:44:28 IST" name="Default test" finished-at="2021-10-11T01:44:48 IST" duration-ms="19880">
      <class name="com.vtiger.pratice.TC_075_Organization_MassEdit_Test">
        <test-method signature="TC_075_Organization_MassEdit()[pri:0, instance:com.vtiger.pratice.TC_075_Organization_MassEdit_Test@1a18644]" started-at="2021-10-11T01:44:28 IST" name="TC_075_Organization_MassEdit" finished-at="2021-10-11T01:44:48 IST" duration-ms="19818" status="PASS">
          <reporter-output>
          </reporter-output>
        </test-method> <!-- TC_075_Organization_MassEdit -->
      </class> <!-- com.vtiger.pratice.TC_075_Organization_MassEdit_Test -->
    </test> <!-- Default test -->
  </suite> <!-- Default suite -->
</testng-results>
